
/home/runner/work/test-vs-code-extension/test-vs-code-extension/experiment/simulation/js/animation-full-adder.js
  321:16  warning  'gsap' is not defined              no-undef
  322:1   warning  'gsap' is not defined              no-undef
  322:21  warning  'MotionPathPlugin' is not defined  no-undef

/home/runner/work/test-vs-code-extension/test-vs-code-extension/experiment/simulation/js/animation-half-adder.js
  291:16  warning  'gsap' is not defined              no-undef
  292:1   warning  'gsap' is not defined              no-undef
  292:21  warning  'MotionPathPlugin' is not defined  no-undef

/home/runner/work/test-vs-code-extension/test-vs-code-extension/experiment/simulation/js/animation-ripple-adder.js
  455:16  warning  'gsap' is not defined              no-undef
  456:1   warning  'gsap' is not defined              no-undef
  456:21  warning  'MotionPathPlugin' is not defined  no-undef

/home/runner/work/test-vs-code-extension/test-vs-code-extension/experiment/simulation/js/animation-utility.js
   3:5  warning  'gsap' is not defined  no-undef
   9:5  warning  'gsap' is not defined  no-undef
  14:5  warning  'gsap' is not defined  no-undef
  17:5  warning  'gsap' is not defined  no-undef
  20:5  warning  'gsap' is not defined  no-undef

/home/runner/work/test-vs-code-extension/test-vs-code-extension/experiment/simulation/js/jsplumb.bundle.js
      1:5   warning  'jsPlumbBrowserUI' is assigned a value but never used                      no-unused-vars
     50:15  warning  Do not access Object.prototype method 'hasOwnProperty' from target object  no-prototype-builtins
    204:24  warning  Unnecessary escape character: \.                                           no-useless-escape
    205:36  warning  Unnecessary escape character: \[                                           no-useless-escape
    439:40  warning  Empty block statement                                                      no-empty
    464:21  warning  Empty block statement                                                      no-empty
    581:7   warning  '_getPrototypeOf$4' is a function                                          no-func-assign
    588:7   warning  '_setPrototypeOf$4' is a function                                          no-func-assign
    774:41  warning  'event' is defined but never used                                          no-unused-vars
    774:48  warning  'value' is defined but never used                                          no-unused-vars
    774:55  warning  'originalEvent' is defined but never used                                  no-unused-vars
   1065:48  warning  'x' is defined but never used                                              no-unused-vars
   1065:51  warning  'y' is defined but never used                                              no-unused-vars
   1070:42  warning  'x1' is defined but never used                                             no-unused-vars
   1070:46  warning  'y1' is defined but never used                                             no-unused-vars
   1070:50  warning  'x2' is defined but never used                                             no-unused-vars
   1070:54  warning  'y2' is defined but never used                                             no-unused-vars
   1151:7   warning  '_getPrototypeOf$3' is a function                                          no-func-assign
   1158:7   warning  '_setPrototypeOf$3' is a function                                          no-func-assign
   1225:9   warning  '_get$1' is a function                                                     no-func-assign
   1227:9   warning  '_get$1' is a function                                                     no-func-assign
   1287:19  warning  Unsafe usage of ThrowStatement                                             no-unsafe-finally
   1471:50  warning  'orientation' is defined but never used                                    no-unused-vars
   1471:63  warning  'endpointStyle' is defined but never used                                  no-unused-vars
   1478:37  warning  'ep' is defined but never used                                             no-unused-vars
   1891:46  warning  'idx' is defined but never used                                            no-unused-vars
   1891:51  warning  'orientation' is defined but never used                                    no-unused-vars
   1984:41  warning  'location' is defined but never used                                       no-unused-vars
   1984:51  warning  'absolute' is defined but never used                                       no-unused-vars
   2344:41  warning  'event' is defined but never used                                          no-unused-vars
   2344:48  warning  'value' is defined but never used                                          no-unused-vars
   2344:55  warning  'originalEvent' is defined but never used                                  no-unused-vars
   2744:44  warning  'doNotRepaint' is defined but never used                                   no-unused-vars
   2771:38  warning  'params' is defined but never used                                         no-unused-vars
   2889:41  warning  'cascade' is defined but never used                                        no-unused-vars
   2897:44  warning  'cascade' is defined but never used                                        no-unused-vars
   2911:41  warning  'event' is defined but never used                                          no-unused-vars
   2911:48  warning  'value' is defined but never used                                          no-unused-vars
   2911:55  warning  'originalEvent' is defined but never used                                  no-unused-vars
   4341:38  warning  'el' is defined but never used                                             no-unused-vars
   4341:42  warning  'targetGroup' is defined but never used                                    no-unused-vars
   4346:35  warning  'conn' is defined but never used                                           no-unused-vars
   4346:41  warning  'endpointIndex' is defined but never used                                  no-unused-vars
   4351:37  warning  'conn' is defined but never used                                           no-unused-vars
   4351:43  warning  'endpointIndex' is defined but never used                                  no-unused-vars
   4848:53  warning  'group' is defined but never used                                          no-unused-vars
   5656:41  warning  'event' is defined but never used                                          no-unused-vars
   5656:48  warning  'value' is defined but never used                                          no-unused-vars
   5656:55  warning  'originalEvent' is defined but never used                                  no-unused-vars
   5971:69  warning  'targetRotation' is defined but never used                                 no-unused-vars
   6315:54  warning  'offsetToUI' is defined but never used                                     no-unused-vars
   6842:55  warning  'args' is defined but never used                                           no-unused-vars
   8106:39  warning  Do not access Object.prototype method 'hasOwnProperty' from target object  no-prototype-builtins
   8138:41  warning  Do not access Object.prototype method 'hasOwnProperty' from target object  no-prototype-builtins
   8159:41  warning  Do not access Object.prototype method 'hasOwnProperty' from target object  no-prototype-builtins
   8406:70  warning  'absolutePosition' is defined but never used                               no-unused-vars
   8463:36  warning  'd' is defined but never used                                              no-unused-vars
   8530:36  warning  'd' is defined but never used                                              no-unused-vars
   8598:7   warning  '_getPrototypeOf$2' is a function                                          no-func-assign
   8605:7   warning  '_setPrototypeOf$2' is a function                                          no-func-assign
   8723:39  warning  'paintInfo' is defined but never used                                      no-unused-vars
   8789:68  warning  'axis' is defined but never used                                           no-unused-vars
   8831:57  warning  'ss' is defined but never used                                             no-unused-vars
   8831:61  warning  'oss' is defined but never used                                            no-unused-vars
   8831:66  warning  'es' is defined but never used                                             no-unused-vars
   8831:70  warning  'oes' is defined but never used                                            no-unused-vars
   8890:60  warning  'oes' is defined but never used                                            no-unused-vars
   8932:46  warning  'dx' is defined but never used                                             no-unused-vars
   8932:50  warning  'dy' is defined but never used                                             no-unused-vars
   8995:7   warning  '_getPrototypeOf$1' is a function                                          no-func-assign
   9002:7   warning  '_setPrototypeOf$1' is a function                                          no-func-assign
   9495:28  warning  't' is defined but never used                                              no-unused-vars
  10083:9   warning  '_typeof' is a function                                                    no-func-assign
  10087:9   warning  '_typeof' is a function                                                    no-func-assign
  10148:7   warning  '_getPrototypeOf' is a function                                            no-func-assign
  10155:7   warning  '_setPrototypeOf' is a function                                            no-func-assign
  10222:9   warning  '_get' is a function                                                       no-func-assign
  10224:9   warning  '_get' is a function                                                       no-func-assign
  10272:19  warning  Unsafe usage of ThrowStatement                                             no-unsafe-finally
  10897:31  warning  Do not access Object.prototype method 'hasOwnProperty' from target object  no-prototype-builtins
  10945:40  warning  Do not access Object.prototype method 'hasOwnProperty' from target object  no-prototype-builtins
  11636:30  warning  'payload' is defined but never used                                        no-unused-vars
  11651:32  warning  'e' is defined but never used                                              no-unused-vars
  11765:27  warning  Empty block statement                                                      no-empty
  12187:72  warning  'p' is defined but never used                                              no-unused-vars
  12205:56  warning  'dragEl' is defined but never used                                         no-unused-vars
  12205:64  warning  '_constrainRect' is defined but never used                                 no-unused-vars
  12205:80  warning  '_size' is defined but never used                                          no-unused-vars
  12216:80  warning  '_size' is defined but never used                                          no-unused-vars
  12372:36  warning  'el' is defined but never used                                             no-unused-vars
  12377:37  warning  'el' is defined but never used                                             no-unused-vars
  13035:37  warning  'el' is defined but never used                                             no-unused-vars
  13073:30  warning  'drag' is defined but never used                                           no-unused-vars
  13615:41  warning  'originalEvent' is defined but never used                                  no-unused-vars
  13873:36  warning  'force' is defined but never used                                          no-unused-vars
  14406:41  warning  'event' is defined but never used                                          no-unused-vars
  14406:48  warning  'value' is defined but never used                                          no-unused-vars
  14406:55  warning  'originalEvent' is defined but never used                                  no-unused-vars
  15236:41  warning  'style' is defined but never used                                          no-unused-vars
  15256:41  warning  'style' is defined but never used                                          no-unused-vars
  15279:37  warning  'ep' is defined but never used                                             no-unused-vars
  15279:41  warning  'style' is defined but never used                                          no-unused-vars

/home/runner/work/test-vs-code-extension/test-vs-code-extension/experiment/simulation/js/layout.js
  40:34  warning  'e' is defined but never used  no-unused-vars

/home/runner/work/test-vs-code-extension/test-vs-code-extension/experiment/simulation/js/main.js
  27:32  warning  'jsPlumbBrowserUI' is not defined  no-undef

/home/runner/work/test-vs-code-extension/test-vs-code-extension/experiment/simulation/js/validator.js
  1:10  warning  'clearResult' is defined but never used  no-unused-vars

✖ 119 problems (0 errors, 119 warnings)

